2025-08-20 18:50:43,405 - INFO - User 932106004 нажал на кнопку Показать список
2025-08-20 18:50:48,116 - INFO - User 932106004 нажал Добавить задачу
2025-08-20 18:50:50,971 - INFO - User 932106004 нажал Удалить задачу
2025-08-20 18:50:53,401 - INFO - User 932106004 нажал Выполнить задачу
2025-08-20 18:50:57,416 - INFO - User 932106004 нажал на кнопку Показать список
2025-08-20 18:51:08,078 - INFO - User 932106004 нажал Добавить несколько задач
2025-08-20 19:12:09,665 - ERROR - Infinity polling: polling exited
2025-08-20 19:12:09,665 - ERROR - Break infinity polling
2025-08-20 19:51:13,845 - ERROR - Infinity polling: polling exited
2025-08-20 19:51:13,845 - ERROR - Break infinity polling
2025-08-20 19:51:46,916 - INFO - User 932106004 нажал /start
2025-08-20 19:51:49,338 - INFO - User 932106004 нажал на кнопку Показать список
2025-08-20 19:52:00,863 - INFO - User 932106004 нажал Выполнить задачу
2025-08-20 19:52:28,227 - ERROR - Infinity polling: polling exited
2025-08-20 19:52:28,227 - ERROR - Break infinity polling
2025-08-20 19:58:57,361 - INFO - User 932106004 нажал на кнопку Показать список
2025-08-20 19:58:59,159 - INFO - User 932106004 нажал Удалить задачу
2025-08-20 19:59:12,950 - INFO - User 932106004 нажал на кнопку Показать список
2025-08-20 19:59:12,952 - INFO - User 932106004 не имеет активных задач
2025-08-20 19:59:33,160 - INFO - User 932106004 нажал Редактировать задачу
2025-08-20 19:59:40,358 - INFO - User 932106004 нажал Удалить задачу
2025-08-20 19:59:41,574 - INFO - User 932106004 нажал Выполнить задачу
2025-08-20 19:59:42,535 - INFO - User 932106004 нажал Добавить несколько задач
2025-08-20 19:59:46,680 - INFO - User 932106004 нажал на кнопку Показать список
2025-08-20 19:59:49,641 - INFO - User 932106004 нажал Удалить задачу
2025-08-20 20:11:34,097 - ERROR - Infinity polling: polling exited
2025-08-20 20:11:34,097 - ERROR - Break infinity polling
2025-08-20 20:11:41,043 - INFO - User 932106004 нажал Добавить задачу
2025-08-20 20:11:44,793 - INFO - User 932106004 нажал на кнопку Показать список
2025-08-20 20:11:53,699 - INFO - User 932106004 нажал Добавить несколько задач
2025-08-20 20:11:58,218 - INFO - User 932106004 нажал на кнопку Показать список
2025-08-20 20:12:07,245 - ERROR - Infinity polling: polling exited
2025-08-20 20:12:07,245 - ERROR - Break infinity polling
